[2013-04-01 13:11:07.353] [INFO] crash-log - [gate],[gate-server-1],[1364793067353],[disconnect]
[2013-04-01 21:46:57.604] [INFO] crash-log - [undefined],[undefined],[1364824017604],[disconnect]
[2013-04-01 21:46:57.624] [INFO] crash-log - [undefined],[undefined],[1364824017624],[disconnect]
[2013-04-01 21:46:57.629] [INFO] crash-log - [undefined],[undefined],[1364824017629],[disconnect]
[2013-04-01 21:46:57.638] [INFO] crash-log - [undefined],[undefined],[1364824017638],[disconnect]
[2013-04-02 09:47:17.632] [INFO] crash-log - [chat],[chat-server-1],[1364867237632],[disconnect]
[2013-04-02 09:51:58.339] [INFO] crash-log - [gate],[gate-server-1],[1364867518338],[disconnect]
[2013-04-02 09:54:43.457] [INFO] crash-log - [chat],[chat-server-1],[1364867683457],[disconnect]
[2013-04-02 10:29:03.268] [INFO] crash-log - [connector],[connector-server-1],[1364869743268],[disconnect]
[2013-04-02 10:29:52.092] [INFO] crash-log - [chat],[chat-server-1],[1364869792092],[disconnect]
[2013-04-02 10:34:11.931] [INFO] crash-log - [undefined],[undefined],[1364870051931],[disconnect]
[2013-04-02 10:34:11.943] [INFO] crash-log - [undefined],[undefined],[1364870051943],[disconnect]
[2013-04-02 10:34:11.949] [INFO] crash-log - [undefined],[undefined],[1364870051949],[disconnect]
[2013-04-02 10:34:11.954] [INFO] crash-log - [undefined],[undefined],[1364870051954],[disconnect]
[2013-04-02 10:35:11.219] [INFO] crash-log - [client],[pomelo_list_1364870110928],[1364870111219],[disconnect]
[2013-04-02 11:06:32.093] [INFO] crash-log - [client],[pomelo_list_1364871991967],[1364871992092],[disconnect]
[2013-04-02 11:06:51.913] [INFO] crash-log - [gate],[gate-server-1],[1364872011913],[disconnect]
[2013-04-02 11:06:51.918] [INFO] crash-log - [connector],[connector-server-1],[1364872011918],[disconnect]
[2013-04-02 11:06:56.897] [INFO] crash-log - [client],[pomelo_terminal_1364872006715],[1364872016897],[disconnect]
[2013-04-02 12:34:38.253] [INFO] crash-log - [connector],[connector-server-1],[1364877278253],[disconnect]
[2013-04-02 12:34:38.268] [INFO] crash-log - [chat],[chat-server-1],[1364877278268],[disconnect]
[2013-04-02 12:37:58.490] [INFO] crash-log - [connector],[connector-server-1],[1364877478490],[disconnect]
[2013-04-02 12:37:58.505] [INFO] crash-log - [chat],[chat-server-1],[1364877478505],[disconnect]
[2013-04-02 12:43:22.053] [INFO] crash-log - [connector],[connector-server-1],[1364877802053],[disconnect]
[2013-04-02 14:04:33.748] [INFO] crash-log - [chat],[chat-server-1],[1364882673748],[disconnect]
[2013-04-02 14:04:33.755] [INFO] crash-log - [connector],[connector-server-1],[1364882673755],[disconnect]
[2013-04-02 14:49:07.798] [INFO] crash-log - [chat],[chat-server-1],[1364885347798],[disconnect]
[2013-04-02 16:11:34.082] [INFO] crash-log - [chat],[chat-server-1],[1364890294082],[disconnect]
[2013-04-02 16:20:02.760] [INFO] crash-log - [connector],[connector-server-1],[1364890802760],[disconnect]
[2013-04-02 16:26:46.921] [INFO] crash-log - [connector],[connector-server-1],[1364891206921],[disconnect]
[2013-04-02 16:32:46.284] [INFO] crash-log - [connector],[connector-server-1],[1364891566283],[disconnect]
[2013-04-02 17:02:02.094] [INFO] crash-log - [connector],[connector-server-1],[1364893322094],[disconnect]
[2013-04-02 17:09:39.311] [INFO] crash-log - [connector],[connector-server-1],[1364893779311],[disconnect]
[2013-04-02 17:32:12.483] [INFO] crash-log - [connector],[connector-server-1],[1364895132483],[disconnect]
[2013-04-02 17:44:54.674] [INFO] crash-log - [chat],[chat-server-1],[1364895894674],[disconnect]
[2013-04-02 17:46:48.689] [INFO] crash-log - [chat],[chat-server-1],[1364896008689],[disconnect]
[2013-04-02 17:51:19.404] [INFO] crash-log - [chat],[chat-server-1],[1364896279404],[disconnect]
[2013-04-02 18:03:24.340] [INFO] crash-log - [chat],[chat-server-1],[1364897004340],[disconnect]
[2013-04-02 18:06:50.707] [INFO] crash-log - [chat],[chat-server-1],[1364897210707],[disconnect]
[2013-04-02 18:20:07.519] [INFO] crash-log - [gate],[gate-server-1],[1364898007519],[disconnect]
[2013-04-02 18:21:37.535] [INFO] crash-log - [chat],[chat-server-1],[1364898097534],[disconnect]
[2013-04-02 18:21:37.543] [INFO] crash-log - [connector],[connector-server-1],[1364898097542],[disconnect]
[2013-04-02 18:28:11.045] [INFO] crash-log - [chat],[chat-server-1],[1364898491045],[disconnect]
[2013-04-02 18:33:32.177] [INFO] crash-log - [connector],[connector-server-1],[1364898812176],[disconnect]
[2013-04-02 18:41:52.645] [INFO] crash-log - [gate],[gate-server-1],[1364899312644],[disconnect]
[2013-04-02 18:51:15.303] [INFO] crash-log - [chat],[chat-server-1],[1364899875303],[disconnect]
[2013-04-02 18:51:15.309] [INFO] crash-log - [connector],[connector-server-1],[1364899875309],[disconnect]
[2013-04-02 18:55:41.260] [INFO] crash-log - [connector],[connector-server-1],[1364900141260],[disconnect]
[2013-04-02 19:10:24.684] [INFO] crash-log - [chat],[chat-server-1],[1364901024684],[disconnect]
[2013-04-02 19:12:09.407] [INFO] crash-log - [chat],[chat-server-1],[1364901129407],[disconnect]
[2013-04-02 19:20:57.778] [INFO] crash-log - [chat],[chat-server-1],[1364901657777],[disconnect]
[2013-04-02 19:46:01.074] [INFO] crash-log - [connector],[connector-server-1],[1364903161074],[disconnect]
[2013-04-02 19:48:19.955] [INFO] crash-log - [connector],[connector-server-1],[1364903299955],[disconnect]
[2013-04-02 23:21:53.557] [INFO] crash-log - [gate],[gate-server-1],[1364916113557],[disconnect]
